# JRE version: Java(TM) SE Runtime Environment (8.0_144-b01) (build 1.8.0_144-b01)
# Java VM: Java HotSpot(TM) 64-Bit Server VM (25.144-b01 mixed mode windows-amd64 compressed oops)
Heap:
 PSYoungGen      total 298496K, used 123953K [0x0000000780600000, 0x0000000793800000, 0x00000007c0000000)
  eden space 284160K, 40% used [0x0000000780600000,0x00000007875b08c8,0x0000000791b80000)
  from space 14336K, 66% used [0x0000000792980000,0x00000007932dbef0,0x0000000793780000)
  to   space 14336K, 0% used [0x0000000791b80000,0x0000000791b80000,0x0000000792980000)
 ParOldGen       total 152576K, used 37766K [0x0000000701200000, 0x000000070a700000, 0x0000000780600000)
  object space 152576K, 24% used [0x0000000701200000,0x00000007036e1888,0x000000070a700000)
 Metaspace       used 73183K, capacity 78151K, committed 78208K, reserved 1116160K
  class space    used 10240K, capacity 11352K, committed 11392K, reserved 1048576K
GC Heap History (10 events):
Event: 22.907 GC heap before
{Heap before GC invocations=13 (full 2):
 PSYoungGen      total 187392K, used 187384K [0x0000000780600000, 0x000000078d400000, 0x00000007c0000000)
  eden space 178176K, 100% used [0x0000000780600000,0x000000078b400000,0x000000078b400000)
  from space 9216K, 99% used [0x000000078cb00000,0x000000078d3fe198,0x000000078d400000)
  to   space 10752K, 0% used [0x000000078bf00000,0x000000078bf00000,0x000000078c980000)
 ParOldGen       total 103936K, used 15002K [0x0000000701200000, 0x0000000707780000, 0x0000000780600000)
  object space 103936K, 14% used [0x0000000701200000,0x00000007020a6a70,0x0000000707780000)
 Metaspace       used 47473K, capacity 49999K, committed 50176K, reserved 1093632K
  class space    used 6332K, capacity 6814K, committed 6912K, reserved 1048576K
Event: 22.932 GC heap after
Heap after GC invocations=13 (full 2):
 PSYoungGen      total 200192K, used 8431K [0x0000000780600000, 0x000000078fd80000, 0x00000007c0000000)
  eden space 189440K, 0% used [0x0000000780600000,0x0000000780600000,0x000000078bf00000)
  from space 10752K, 78% used [0x000000078bf00000,0x000000078c73bc40,0x000000078c980000)
  to   space 10752K, 0% used [0x000000078f300000,0x000000078f300000,0x000000078fd80000)
 ParOldGen       total 103936K, used 19648K [0x0000000701200000, 0x0000000707780000, 0x0000000780600000)
  object space 103936K, 18% used [0x0000000701200000,0x00000007025301d8,0x0000000707780000)
 Metaspace       used 47473K, capacity 49999K, committed 50176K, reserved 1093632K
  class space    used 6332K, capacity 6814K, committed 6912K, reserved 1048576K
}
Event: 28.574 GC heap before
{Heap before GC invocations=14 (full 2):
 PSYoungGen      total 200192K, used 142048K [0x0000000780600000, 0x000000078fd80000, 0x00000007c0000000)
  eden space 189440K, 70% used [0x0000000780600000,0x000000078887c400,0x000000078bf00000)
  from space 10752K, 78% used [0x000000078bf00000,0x000000078c73bc40,0x000000078c980000)
  to   space 10752K, 0% used [0x000000078f300000,0x000000078f300000,0x000000078fd80000)
 ParOldGen       total 103936K, used 19648K [0x0000000701200000, 0x0000000707780000, 0x0000000780600000)
  object space 103936K, 18% used [0x0000000701200000,0x00000007025301d8,0x0000000707780000)
 Metaspace       used 55540K, capacity 58907K, committed 59028K, reserved 1099776K
  class space    used 7450K, capacity 8134K, committed 8192K, reserved 1048576K
Event: 28.611 GC heap after
Heap after GC invocations=14 (full 2):
 PSYoungGen      total 242176K, used 9972K [0x0000000780600000, 0x0000000790980000, 0x00000007c0000000)
  eden space 231424K, 0% used [0x0000000780600000,0x0000000780600000,0x000000078e800000)
  from space 10752K, 92% used [0x000000078f300000,0x000000078fcbd238,0x000000078fd80000)
  to   space 11264K, 0% used [0x000000078e800000,0x000000078e800000,0x000000078f300000)
 ParOldGen       total 103936K, used 23736K [0x0000000701200000, 0x0000000707780000, 0x0000000780600000)
  object space 103936K, 22% used [0x0000000701200000,0x000000070292e228,0x0000000707780000)
 Metaspace       used 55540K, capacity 58907K, committed 59028K, reserved 1099776K
  class space    used 7450K, capacity 8134K, committed 8192K, reserved 1048576K
}
Event: 28.611 GC heap before
{Heap before GC invocations=15 (full 3):
 PSYoungGen      total 242176K, used 9972K [0x0000000780600000, 0x0000000790980000, 0x00000007c0000000)
  eden space 231424K, 0% used [0x0000000780600000,0x0000000780600000,0x000000078e800000)
  from space 10752K, 92% used [0x000000078f300000,0x000000078fcbd238,0x000000078fd80000)
  to   space 11264K, 0% used [0x000000078e800000,0x000000078e800000,0x000000078f300000)
 ParOldGen       total 103936K, used 23736K [0x0000000701200000, 0x0000000707780000, 0x0000000780600000)
  object space 103936K, 22% used [0x0000000701200000,0x000000070292e228,0x0000000707780000)
 Metaspace       used 55540K, capacity 58907K, committed 59028K, reserved 1099776K
  class space    used 7450K, capacity 8134K, committed 8192K, reserved 1048576K
Event: 28.882 GC heap after
Heap after GC invocations=15 (full 3):
 PSYoungGen      total 242176K, used 0K [0x0000000780600000, 0x0000000790980000, 0x00000007c0000000)
  eden space 231424K, 0% used [0x0000000780600000,0x0000000780600000,0x000000078e800000)
  from space 10752K, 0% used [0x000000078f300000,0x000000078f300000,0x000000078fd80000)
  to   space 11264K, 0% used [0x000000078e800000,0x000000078e800000,0x000000078f300000)
 ParOldGen       total 152576K, used 27385K [0x0000000701200000, 0x000000070a700000, 0x0000000780600000)
  object space 152576K, 17% used [0x0000000701200000,0x0000000702cbe768,0x000000070a700000)
 Metaspace       used 55540K, capacity 58907K, committed 59028K, reserved 1099776K
  class space    used 7450K, capacity 8134K, committed 8192K, reserved 1048576K
}
Event: 36.161 GC heap before
{Heap before GC invocations=16 (full 3):
 PSYoungGen      total 242176K, used 231424K [0x0000000780600000, 0x0000000790980000, 0x00000007c0000000)
  eden space 231424K, 100% used [0x0000000780600000,0x000000078e800000,0x000000078e800000)
  from space 10752K, 0% used [0x000000078f300000,0x000000078f300000,0x000000078fd80000)
  to   space 11264K, 0% used [0x000000078e800000,0x000000078e800000,0x000000078f300000)
 ParOldGen       total 152576K, used 27385K [0x0000000701200000, 0x000000070a700000, 0x0000000780600000)
  object space 152576K, 17% used [0x0000000701200000,0x0000000702cbe768,0x000000070a700000)
 Metaspace       used 66853K, capacity 71213K, committed 71552K, reserved 1110016K
  class space    used 9259K, capacity 10251K, committed 10368K, reserved 1048576K
Event: 36.196 GC heap after
Heap after GC invocations=16 (full 3):
 PSYoungGen      total 242688K, used 11232K [0x0000000780600000, 0x0000000793780000, 0x00000007c0000000)
  eden space 231424K, 0% used [0x0000000780600000,0x0000000780600000,0x000000078e800000)
  from space 11264K, 99% used [0x000000078e800000,0x000000078f2f82a0,0x000000078f300000)
  to   space 14336K, 0% used [0x0000000792980000,0x0000000792980000,0x0000000793780000)
 ParOldGen       total 152576K, used 32581K [0x0000000701200000, 0x000000070a700000, 0x0000000780600000)
  object space 152576K, 21% used [0x0000000701200000,0x00000007031d1540,0x000000070a700000)
 Metaspace       used 66853K, capacity 71213K, committed 71552K, reserved 1110016K
  class space    used 9259K, capacity 10251K, committed 10368K, reserved 1048576K
}
Event: 42.181 GC heap before
{Heap before GC invocations=17 (full 3):
 PSYoungGen      total 242688K, used 242656K [0x0000000780600000, 0x0000000793780000, 0x00000007c0000000)
  eden space 231424K, 100% used [0x0000000780600000,0x000000078e800000,0x000000078e800000)
  from space 11264K, 99% used [0x000000078e800000,0x000000078f2f82a0,0x000000078f300000)
  to   space 14336K, 0% used [0x0000000792980000,0x0000000792980000,0x0000000793780000)
 ParOldGen       total 152576K, used 32581K [0x0000000701200000, 0x000000070a700000, 0x0000000780600000)
  object space 152576K, 21% used [0x0000000701200000,0x00000007031d1540,0x000000070a700000)
 Metaspace       used 70547K, capacity 75217K, committed 75392K, reserved 1114112K
  class space    used 9768K, capacity 10829K, committed 10880K, reserved 1048576K
Event: 42.235 GC heap after
Heap after GC invocations=17 (full 3):
 PSYoungGen      total 298496K, used 9583K [0x0000000780600000, 0x0000000793800000, 0x00000007c0000000)
  eden space 284160K, 0% used [0x0000000780600000,0x0000000780600000,0x0000000791b80000)
  from space 14336K, 66% used [0x0000000792980000,0x00000007932dbef0,0x0000000793780000)
  to   space 14336K, 0% used [0x0000000791b80000,0x0000000791b80000,0x0000000792980000)
 ParOldGen       total 152576K, used 37766K [0x0000000701200000, 0x000000070a700000, 0x0000000780600000)
  object space 152576K, 24% used [0x0000000701200000,0x00000007036e1888,0x000000070a700000)
 Metaspace       used 70547K, capacity 75217K, committed 75392K, reserved 1114112K
  class space    used 9768K, capacity 10829K, committed 10880K, reserved 1048576K
}

