# JRE version: Java(TM) SE Runtime Environment (8.0_144-b01) (build 1.8.0_144-b01)
# Java VM: Java HotSpot(TM) 64-Bit Server VM (25.144-b01 mixed mode windows-amd64 compressed oops)
Heap:
 PSYoungGen      total 356864K, used 143704K [0x0000000780600000, 0x0000000797300000, 0x00000007c0000000)
  eden space 339968K, 37% used [0x0000000780600000,0x00000007881dbed0,0x0000000795200000)
  from space 16896K, 99% used [0x0000000795200000,0x000000079627a268,0x0000000796280000)
  to   space 12800K, 0% used [0x0000000796600000,0x0000000796600000,0x0000000797280000)
 ParOldGen       total 149504K, used 32669K [0x0000000701200000, 0x000000070a400000, 0x0000000780600000)
  object space 149504K, 21% used [0x0000000701200000,0x00000007031e7490,0x000000070a400000)
 Metaspace       used 71275K, capacity 76070K, committed 76288K, reserved 1114112K
  class space    used 9891K, capacity 10966K, committed 11008K, reserved 1048576K
GC Heap History (10 events):
Event: 15.207 GC heap before
{Heap before GC invocations=10 (full 2):
 PSYoungGen      total 265216K, used 7468K [0x0000000780600000, 0x0000000795280000, 0x00000007c0000000)
  eden space 254976K, 0% used [0x0000000780600000,0x0000000780600000,0x000000078ff00000)
  from space 10240K, 72% used [0x0000000790880000,0x0000000790fcb130,0x0000000791280000)
  to   space 9728K, 0% used [0x000000078ff00000,0x000000078ff00000,0x0000000790880000)
 ParOldGen       total 71680K, used 9240K [0x0000000701200000, 0x0000000705800000, 0x0000000780600000)
  object space 71680K, 12% used [0x0000000701200000,0x0000000701b062e8,0x0000000705800000)
 Metaspace       used 33386K, capacity 35401K, committed 35416K, reserved 1079296K
  class space    used 4498K, capacity 4864K, committed 4864K, reserved 1048576K
Event: 15.292 GC heap after
Heap after GC invocations=10 (full 2):
 PSYoungGen      total 265216K, used 0K [0x0000000780600000, 0x0000000795280000, 0x00000007c0000000)
  eden space 254976K, 0% used [0x0000000780600000,0x0000000780600000,0x000000078ff00000)
  from space 10240K, 0% used [0x0000000790880000,0x0000000790880000,0x0000000791280000)
  to   space 9728K, 0% used [0x000000078ff00000,0x000000078ff00000,0x0000000790880000)
 ParOldGen       total 102912K, used 12574K [0x0000000701200000, 0x0000000707680000, 0x0000000780600000)
  object space 102912K, 12% used [0x0000000701200000,0x0000000701e47910,0x0000000707680000)
 Metaspace       used 33386K, capacity 35401K, committed 35416K, reserved 1079296K
  class space    used 4498K, capacity 4864K, committed 4864K, reserved 1048576K
}
Event: 22.871 GC heap before
{Heap before GC invocations=11 (full 2):
 PSYoungGen      total 265216K, used 254976K [0x0000000780600000, 0x0000000795280000, 0x00000007c0000000)
  eden space 254976K, 100% used [0x0000000780600000,0x000000078ff00000,0x000000078ff00000)
  from space 10240K, 0% used [0x0000000790880000,0x0000000790880000,0x0000000791280000)
  to   space 9728K, 0% used [0x000000078ff00000,0x000000078ff00000,0x0000000790880000)
 ParOldGen       total 102912K, used 12574K [0x0000000701200000, 0x0000000707680000, 0x0000000780600000)
  object space 102912K, 12% used [0x0000000701200000,0x0000000701e47910,0x0000000707680000)
 Metaspace       used 45597K, capacity 47949K, committed 48000K, reserved 1091584K
  class space    used 6086K, capacity 6521K, committed 6528K, reserved 1048576K
Event: 22.928 GC heap after
Heap after GC invocations=11 (full 2):
 PSYoungGen      total 264704K, used 9726K [0x0000000780600000, 0x0000000797280000, 0x00000007c0000000)
  eden space 254976K, 0% used [0x0000000780600000,0x0000000780600000,0x000000078ff00000)
  from space 9728K, 99% used [0x000000078ff00000,0x000000079087f980,0x0000000790880000)
  to   space 12800K, 0% used [0x0000000796600000,0x0000000796600000,0x0000000797280000)
 ParOldGen       total 102912K, used 18265K [0x0000000701200000, 0x0000000707680000, 0x0000000780600000)
  object space 102912K, 17% used [0x0000000701200000,0x00000007023d67c8,0x0000000707680000)
 Metaspace       used 45597K, capacity 47949K, committed 48000K, reserved 1091584K
  class space    used 6086K, capacity 6521K, committed 6528K, reserved 1048576K
}
Event: 29.629 GC heap before
{Heap before GC invocations=12 (full 2):
 PSYoungGen      total 264704K, used 214534K [0x0000000780600000, 0x0000000797280000, 0x00000007c0000000)
  eden space 254976K, 80% used [0x0000000780600000,0x000000078ce01ed0,0x000000078ff00000)
  from space 9728K, 99% used [0x000000078ff00000,0x000000079087f980,0x0000000790880000)
  to   space 12800K, 0% used [0x0000000796600000,0x0000000796600000,0x0000000797280000)
 ParOldGen       total 102912K, used 18265K [0x0000000701200000, 0x0000000707680000, 0x0000000780600000)
  object space 102912K, 17% used [0x0000000701200000,0x00000007023d67c8,0x0000000707680000)
 Metaspace       used 55587K, capacity 58970K, committed 59028K, reserved 1099776K
  class space    used 7457K, capacity 8134K, committed 8192K, reserved 1048576K
Event: 29.658 GC heap after
Heap after GC invocations=12 (full 2):
 PSYoungGen      total 352768K, used 12770K [0x0000000780600000, 0x0000000797300000, 0x00000007c0000000)
  eden space 339968K, 0% used [0x0000000780600000,0x0000000780600000,0x0000000795200000)
  from space 12800K, 99% used [0x0000000796600000,0x0000000797278a88,0x0000000797280000)
  to   space 16896K, 0% used [0x0000000795200000,0x0000000795200000,0x0000000796280000)
 ParOldGen       total 102912K, used 25428K [0x0000000701200000, 0x0000000707680000, 0x0000000780600000)
  object space 102912K, 24% used [0x0000000701200000,0x0000000702ad53c8,0x0000000707680000)
 Metaspace       used 55587K, capacity 58970K, committed 59028K, reserved 1099776K
  class space    used 7457K, capacity 8134K, committed 8192K, reserved 1048576K
}
Event: 29.658 GC heap before
{Heap before GC invocations=13 (full 3):
 PSYoungGen      total 352768K, used 12770K [0x0000000780600000, 0x0000000797300000, 0x00000007c0000000)
  eden space 339968K, 0% used [0x0000000780600000,0x0000000780600000,0x0000000795200000)
  from space 12800K, 99% used [0x0000000796600000,0x0000000797278a88,0x0000000797280000)
  to   space 16896K, 0% used [0x0000000795200000,0x0000000795200000,0x0000000796280000)
 ParOldGen       total 102912K, used 25428K [0x0000000701200000, 0x0000000707680000, 0x0000000780600000)
  object space 102912K, 24% used [0x0000000701200000,0x0000000702ad53c8,0x0000000707680000)
 Metaspace       used 55587K, capacity 58970K, committed 59028K, reserved 1099776K
  class space    used 7457K, capacity 8134K, committed 8192K, reserved 1048576K
Event: 29.890 GC heap after
Heap after GC invocations=13 (full 3):
 PSYoungGen      total 352768K, used 0K [0x0000000780600000, 0x0000000797300000, 0x00000007c0000000)
  eden space 339968K, 0% used [0x0000000780600000,0x0000000780600000,0x0000000795200000)
  from space 12800K, 0% used [0x0000000796600000,0x0000000796600000,0x0000000797280000)
  to   space 16896K, 0% used [0x0000000795200000,0x0000000795200000,0x0000000796280000)
 ParOldGen       total 149504K, used 28854K [0x0000000701200000, 0x000000070a400000, 0x0000000780600000)
  object space 149504K, 19% used [0x0000000701200000,0x0000000702e2dbb8,0x000000070a400000)
 Metaspace       used 55587K, capacity 58970K, committed 59028K, reserved 1099776K
  class space    used 7457K, capacity 8134K, committed 8192K, reserved 1048576K
}
Event: 36.107 GC heap before
{Heap before GC invocations=14 (full 3):
 PSYoungGen      total 352768K, used 339968K [0x0000000780600000, 0x0000000797300000, 0x00000007c0000000)
  eden space 339968K, 100% used [0x0000000780600000,0x0000000795200000,0x0000000795200000)
  from space 12800K, 0% used [0x0000000796600000,0x0000000796600000,0x0000000797280000)
  to   space 16896K, 0% used [0x0000000795200000,0x0000000795200000,0x0000000796280000)
 ParOldGen       total 149504K, used 28854K [0x0000000701200000, 0x000000070a400000, 0x0000000780600000)
  object space 149504K, 19% used [0x0000000701200000,0x0000000702e2dbb8,0x000000070a400000)
 Metaspace       used 68467K, capacity 73052K, committed 73344K, reserved 1112064K
  class space    used 9494K, capacity 10529K, committed 10624K, reserved 1048576K
Event: 36.164 GC heap after
Heap after GC invocations=14 (full 3):
 PSYoungGen      total 356864K, used 16872K [0x0000000780600000, 0x0000000797300000, 0x00000007c0000000)
  eden space 339968K, 0% used [0x0000000780600000,0x0000000780600000,0x0000000795200000)
  from space 16896K, 99% used [0x0000000795200000,0x000000079627a268,0x0000000796280000)
  to   space 12800K, 0% used [0x0000000796600000,0x0000000796600000,0x0000000797280000)
 ParOldGen       total 149504K, used 32669K [0x0000000701200000, 0x000000070a400000, 0x0000000780600000)
  object space 149504K, 21% used [0x0000000701200000,0x00000007031e7490,0x000000070a400000)
 Metaspace       used 68467K, capacity 73052K, committed 73344K, reserved 1112064K
  class space    used 9494K, capacity 10529K, committed 10624K, reserved 1048576K
}

