# JRE version: Java(TM) SE Runtime Environment (8.0_144-b01) (build 1.8.0_144-b01)
# Java VM: Java HotSpot(TM) 64-Bit Server VM (25.144-b01 mixed mode windows-amd64 compressed oops)
Heap:
 PSYoungGen      total 559104K, used 188706K [0x0000000780600000, 0x00000007a4800000, 0x00000007c0000000)
  eden space 541184K, 34% used [0x0000000780600000,0x000000078be48880,0x00000007a1680000)
  from space 17920K, 0% used [0x00000007a3680000,0x00000007a3680000,0x00000007a4800000)
  to   space 20992K, 0% used [0x00000007a1f00000,0x00000007a1f00000,0x00000007a3380000)
 ParOldGen       total 132608K, used 27446K [0x0000000701200000, 0x0000000709380000, 0x0000000780600000)
  object space 132608K, 20% used [0x0000000701200000,0x0000000702ccdb80,0x0000000709380000)
 Metaspace       used 66471K, capacity 70848K, committed 71192K, reserved 1110016K
  class space    used 9212K, capacity 10190K, committed 10288K, reserved 1048576K
GC Heap History (10 events):
Event: 15.759 GC heap before
{Heap before GC invocations=7 (full 1):
 PSYoungGen      total 204800K, used 120820K [0x0000000780600000, 0x0000000797080000, 0x00000007c0000000)
  eden space 196608K, 57% used [0x0000000780600000,0x00000007873fdab0,0x000000078c600000)
  from space 8192K, 99% used [0x000000078c600000,0x000000078cdff630,0x000000078ce00000)
  to   space 12800K, 0% used [0x0000000796400000,0x0000000796400000,0x0000000797080000)
 ParOldGen       total 67072K, used 11081K [0x0000000701200000, 0x0000000705380000, 0x0000000780600000)
  object space 67072K, 16% used [0x0000000701200000,0x0000000701cd2658,0x0000000705380000)
 Metaspace       used 33454K, capacity 35430K, committed 35496K, reserved 1079296K
  class space    used 4516K, capacity 4897K, committed 4912K, reserved 1048576K
Event: 15.778 GC heap after
Heap after GC invocations=7 (full 1):
 PSYoungGen      total 351232K, used 10633K [0x0000000780600000, 0x0000000796e80000, 0x00000007c0000000)
  eden space 340480K, 0% used [0x0000000780600000,0x0000000780600000,0x0000000795280000)
  from space 10752K, 98% used [0x0000000796400000,0x0000000796e62640,0x0000000796e80000)
  to   space 13312K, 0% used [0x0000000795480000,0x0000000795480000,0x0000000796180000)
 ParOldGen       total 67072K, used 11089K [0x0000000701200000, 0x0000000705380000, 0x0000000780600000)
  object space 67072K, 16% used [0x0000000701200000,0x0000000701cd4658,0x0000000705380000)
 Metaspace       used 33454K, capacity 35430K, committed 35496K, reserved 1079296K
  class space    used 4516K, capacity 4897K, committed 4912K, reserved 1048576K
}
Event: 15.778 GC heap before
{Heap before GC invocations=8 (full 2):
 PSYoungGen      total 351232K, used 10633K [0x0000000780600000, 0x0000000796e80000, 0x00000007c0000000)
  eden space 340480K, 0% used [0x0000000780600000,0x0000000780600000,0x0000000795280000)
  from space 10752K, 98% used [0x0000000796400000,0x0000000796e62640,0x0000000796e80000)
  to   space 13312K, 0% used [0x0000000795480000,0x0000000795480000,0x0000000796180000)
 ParOldGen       total 67072K, used 11089K [0x0000000701200000, 0x0000000705380000, 0x0000000780600000)
  object space 67072K, 16% used [0x0000000701200000,0x0000000701cd4658,0x0000000705380000)
 Metaspace       used 33454K, capacity 35430K, committed 35496K, reserved 1079296K
  class space    used 4516K, capacity 4897K, committed 4912K, reserved 1048576K
Event: 15.873 GC heap after
Heap after GC invocations=8 (full 2):
 PSYoungGen      total 351232K, used 0K [0x0000000780600000, 0x0000000796e80000, 0x00000007c0000000)
  eden space 340480K, 0% used [0x0000000780600000,0x0000000780600000,0x0000000795280000)
  from space 10752K, 0% used [0x0000000796400000,0x0000000796400000,0x0000000796e80000)
  to   space 13312K, 0% used [0x0000000795480000,0x0000000795480000,0x0000000796180000)
 ParOldGen       total 97792K, used 15530K [0x0000000701200000, 0x0000000707180000, 0x0000000780600000)
  object space 97792K, 15% used [0x0000000701200000,0x000000070212ab20,0x0000000707180000)
 Metaspace       used 33454K, capacity 35430K, committed 35496K, reserved 1079296K
  class space    used 4516K, capacity 4897K, committed 4912K, reserved 1048576K
}
Event: 25.665 GC heap before
{Heap before GC invocations=9 (full 2):
 PSYoungGen      total 351232K, used 340480K [0x0000000780600000, 0x0000000796e80000, 0x00000007c0000000)
  eden space 340480K, 100% used [0x0000000780600000,0x0000000795280000,0x0000000795280000)
  from space 10752K, 0% used [0x0000000796400000,0x0000000796400000,0x0000000796e80000)
  to   space 13312K, 0% used [0x0000000795480000,0x0000000795480000,0x0000000796180000)
 ParOldGen       total 97792K, used 15530K [0x0000000701200000, 0x0000000707180000, 0x0000000780600000)
  object space 97792K, 15% used [0x0000000701200000,0x000000070212ab20,0x0000000707180000)
 Metaspace       used 47742K, capacity 50568K, committed 50736K, reserved 1093632K
  class space    used 6405K, capacity 6894K, committed 6960K, reserved 1048576K
Event: 25.708 GC heap after
Heap after GC invocations=9 (full 2):
 PSYoungGen      total 355840K, used 13302K [0x0000000780600000, 0x00000007a4800000, 0x00000007c0000000)
  eden space 342528K, 0% used [0x0000000780600000,0x0000000780600000,0x0000000795480000)
  from space 13312K, 99% used [0x0000000795480000,0x000000079617dbf8,0x0000000796180000)
  to   space 17920K, 0% used [0x00000007a3680000,0x00000007a3680000,0x00000007a4800000)
 ParOldGen       total 97792K, used 21201K [0x0000000701200000, 0x0000000707180000, 0x0000000780600000)
  object space 97792K, 21% used [0x0000000701200000,0x00000007026b4418,0x0000000707180000)
 Metaspace       used 47742K, capacity 50568K, committed 50736K, reserved 1093632K
  class space    used 6405K, capacity 6894K, committed 6960K, reserved 1048576K
}
Event: 33.554 GC heap before
{Heap before GC invocations=10 (full 2):
 PSYoungGen      total 355840K, used 132171K [0x0000000780600000, 0x00000007a4800000, 0x00000007c0000000)
  eden space 342528K, 34% used [0x0000000780600000,0x0000000787a15398,0x0000000795480000)
  from space 13312K, 99% used [0x0000000795480000,0x000000079617dbf8,0x0000000796180000)
  to   space 17920K, 0% used [0x00000007a3680000,0x00000007a3680000,0x00000007a4800000)
 ParOldGen       total 97792K, used 21201K [0x0000000701200000, 0x0000000707180000, 0x0000000780600000)
  object space 97792K, 21% used [0x0000000701200000,0x00000007026b4418,0x0000000707180000)
 Metaspace       used 55682K, capacity 59058K, committed 59160K, reserved 1099776K
  class space    used 7470K, capacity 8143K, committed 8240K, reserved 1048576K
Event: 33.583 GC heap after
Heap after GC invocations=10 (full 2):
 PSYoungGen      total 559104K, used 17903K [0x0000000780600000, 0x00000007a4800000, 0x00000007c0000000)
  eden space 541184K, 0% used [0x0000000780600000,0x0000000780600000,0x00000007a1680000)
  from space 17920K, 99% used [0x00000007a3680000,0x00000007a47fbcd8,0x00000007a4800000)
  to   space 20992K, 0% used [0x00000007a1f00000,0x00000007a1f00000,0x00000007a3380000)
 ParOldGen       total 97792K, used 21846K [0x0000000701200000, 0x0000000707180000, 0x0000000780600000)
  object space 97792K, 22% used [0x0000000701200000,0x0000000702755960,0x0000000707180000)
 Metaspace       used 55682K, capacity 59058K, committed 59160K, reserved 1099776K
  class space    used 7470K, capacity 8143K, committed 8240K, reserved 1048576K
}
Event: 33.583 GC heap before
{Heap before GC invocations=11 (full 3):
 PSYoungGen      total 559104K, used 17903K [0x0000000780600000, 0x00000007a4800000, 0x00000007c0000000)
  eden space 541184K, 0% used [0x0000000780600000,0x0000000780600000,0x00000007a1680000)
  from space 17920K, 99% used [0x00000007a3680000,0x00000007a47fbcd8,0x00000007a4800000)
  to   space 20992K, 0% used [0x00000007a1f00000,0x00000007a1f00000,0x00000007a3380000)
 ParOldGen       total 97792K, used 21846K [0x0000000701200000, 0x0000000707180000, 0x0000000780600000)
  object space 97792K, 22% used [0x0000000701200000,0x0000000702755960,0x0000000707180000)
 Metaspace       used 55682K, capacity 59058K, committed 59160K, reserved 1099776K
  class space    used 7470K, capacity 8143K, committed 8240K, reserved 1048576K
Event: 33.841 GC heap after
Heap after GC invocations=11 (full 3):
 PSYoungGen      total 559104K, used 0K [0x0000000780600000, 0x00000007a4800000, 0x00000007c0000000)
  eden space 541184K, 0% used [0x0000000780600000,0x0000000780600000,0x00000007a1680000)
  from space 17920K, 0% used [0x00000007a3680000,0x00000007a3680000,0x00000007a4800000)
  to   space 20992K, 0% used [0x00000007a1f00000,0x00000007a1f00000,0x00000007a3380000)
 ParOldGen       total 132608K, used 27446K [0x0000000701200000, 0x0000000709380000, 0x0000000780600000)
  object space 132608K, 20% used [0x0000000701200000,0x0000000702ccdb80,0x0000000709380000)
 Metaspace       used 55682K, capacity 59058K, committed 59160K, reserved 1099776K
  class space    used 7470K, capacity 8143K, committed 8240K, reserved 1048576K
}

