# JRE version: Java(TM) SE Runtime Environment (8.0_144-b01) (build 1.8.0_144-b01)
# Java VM: Java HotSpot(TM) 64-Bit Server VM (25.144-b01 mixed mode windows-amd64 compressed oops)
Heap:
 PSYoungGen      total 142848K, used 30583K [0x0000000780600000, 0x000000078c000000, 0x00000007c0000000)
  eden space 132096K, 23% used [0x0000000780600000,0x00000007823ddf08,0x0000000788700000)
  from space 10752K, 0% used [0x0000000788700000,0x0000000788700000,0x0000000789180000)
  to   space 10752K, 0% used [0x000000078b580000,0x000000078b580000,0x000000078c000000)
 ParOldGen       total 141312K, used 12247K [0x0000000701200000, 0x0000000709c00000, 0x0000000780600000)
  object space 141312K, 8% used [0x0000000701200000,0x0000000701df5cd0,0x0000000709c00000)
 Metaspace       used 35090K, capacity 37132K, committed 37424K, reserved 1085440K
  class space    used 4722K, capacity 5106K, committed 5168K, reserved 1048576K
GC Heap History (10 events):
Event: 6.004 GC heap before
{Heap before GC invocations=8 (full 2):
 PSYoungGen      total 75264K, used 67072K [0x0000000780600000, 0x0000000787900000, 0x00000007c0000000)
  eden space 67072K, 100% used [0x0000000780600000,0x0000000784780000,0x0000000784780000)
  from space 8192K, 0% used [0x0000000784780000,0x0000000784780000,0x0000000784f80000)
  to   space 9216K, 0% used [0x0000000787000000,0x0000000787000000,0x0000000787900000)
 ParOldGen       total 141312K, used 8103K [0x0000000701200000, 0x0000000709c00000, 0x0000000780600000)
  object space 141312K, 5% used [0x0000000701200000,0x00000007019e9e18,0x0000000709c00000)
 Metaspace       used 24533K, capacity 25912K, committed 26160K, reserved 1075200K
  class space    used 3258K, capacity 3572K, committed 3632K, reserved 1048576K
Event: 6.015 GC heap after
Heap after GC invocations=8 (full 2):
 PSYoungGen      total 101888K, used 5363K [0x0000000780600000, 0x0000000787580000, 0x00000007c0000000)
  eden space 96256K, 0% used [0x0000000780600000,0x0000000780600000,0x0000000786400000)
  from space 5632K, 95% used [0x0000000787000000,0x000000078753ceb0,0x0000000787580000)
  to   space 8704K, 0% used [0x0000000786480000,0x0000000786480000,0x0000000786d00000)
 ParOldGen       total 141312K, used 8111K [0x0000000701200000, 0x0000000709c00000, 0x0000000780600000)
  object space 141312K, 5% used [0x0000000701200000,0x00000007019ebe18,0x0000000709c00000)
 Metaspace       used 24533K, capacity 25912K, committed 26160K, reserved 1075200K
  class space    used 3258K, capacity 3572K, committed 3632K, reserved 1048576K
}
Event: 9.866 GC heap before
{Heap before GC invocations=9 (full 2):
 PSYoungGen      total 101888K, used 101619K [0x0000000780600000, 0x0000000787580000, 0x00000007c0000000)
  eden space 96256K, 100% used [0x0000000780600000,0x0000000786400000,0x0000000786400000)
  from space 5632K, 95% used [0x0000000787000000,0x000000078753ceb0,0x0000000787580000)
  to   space 8704K, 0% used [0x0000000786480000,0x0000000786480000,0x0000000786d00000)
 ParOldGen       total 141312K, used 8111K [0x0000000701200000, 0x0000000709c00000, 0x0000000780600000)
  object space 141312K, 5% used [0x0000000701200000,0x00000007019ebe18,0x0000000709c00000)
 Metaspace       used 28710K, capacity 30390K, committed 30512K, reserved 1079296K
  class space    used 3768K, capacity 4127K, committed 4144K, reserved 1048576K
Event: 9.878 GC heap after
Heap after GC invocations=9 (full 2):
 PSYoungGen      total 105472K, used 7197K [0x0000000780600000, 0x0000000789b00000, 0x00000007c0000000)
  eden space 96768K, 0% used [0x0000000780600000,0x0000000780600000,0x0000000786480000)
  from space 8704K, 82% used [0x0000000786480000,0x0000000786b877f0,0x0000000786d00000)
  to   space 9728K, 0% used [0x0000000789180000,0x0000000789180000,0x0000000789b00000)
 ParOldGen       total 141312K, used 8119K [0x0000000701200000, 0x0000000709c00000, 0x0000000780600000)
  object space 141312K, 5% used [0x0000000701200000,0x00000007019ede18,0x0000000709c00000)
 Metaspace       used 28710K, capacity 30390K, committed 30512K, reserved 1079296K
  class space    used 3768K, capacity 4127K, committed 4144K, reserved 1048576K
}
Event: 11.053 GC heap before
{Heap before GC invocations=10 (full 2):
 PSYoungGen      total 105472K, used 103965K [0x0000000780600000, 0x0000000789b00000, 0x00000007c0000000)
  eden space 96768K, 100% used [0x0000000780600000,0x0000000786480000,0x0000000786480000)
  from space 8704K, 82% used [0x0000000786480000,0x0000000786b877f0,0x0000000786d00000)
  to   space 9728K, 0% used [0x0000000789180000,0x0000000789180000,0x0000000789b00000)
 ParOldGen       total 141312K, used 8119K [0x0000000701200000, 0x0000000709c00000, 0x0000000780600000)
  object space 141312K, 5% used [0x0000000701200000,0x00000007019ede18,0x0000000709c00000)
 Metaspace       used 32103K, capacity 34030K, committed 34224K, reserved 1083392K
  class space    used 4313K, capacity 4687K, committed 4784K, reserved 1048576K
Event: 11.067 GC heap after
Heap after GC invocations=10 (full 2):
 PSYoungGen      total 141824K, used 8981K [0x0000000780600000, 0x0000000789e00000, 0x00000007c0000000)
  eden space 132096K, 0% used [0x0000000780600000,0x0000000780600000,0x0000000788700000)
  from space 9728K, 92% used [0x0000000789180000,0x0000000789a456b8,0x0000000789b00000)
  to   space 10752K, 0% used [0x0000000788700000,0x0000000788700000,0x0000000789180000)
 ParOldGen       total 141312K, used 8127K [0x0000000701200000, 0x0000000709c00000, 0x0000000780600000)
  object space 141312K, 5% used [0x0000000701200000,0x00000007019efe18,0x0000000709c00000)
 Metaspace       used 32103K, capacity 34030K, committed 34224K, reserved 1083392K
  class space    used 4313K, capacity 4687K, committed 4784K, reserved 1048576K
}
Event: 11.620 GC heap before
{Heap before GC invocations=11 (full 2):
 PSYoungGen      total 141824K, used 54911K [0x0000000780600000, 0x0000000789e00000, 0x00000007c0000000)
  eden space 132096K, 34% used [0x0000000780600000,0x00000007832da8a0,0x0000000788700000)
  from space 9728K, 92% used [0x0000000789180000,0x0000000789a456b8,0x0000000789b00000)
  to   space 10752K, 0% used [0x0000000788700000,0x0000000788700000,0x0000000789180000)
 ParOldGen       total 141312K, used 8127K [0x0000000701200000, 0x0000000709c00000, 0x0000000780600000)
  object space 141312K, 5% used [0x0000000701200000,0x00000007019efe18,0x0000000709c00000)
 Metaspace       used 33467K, capacity 35430K, committed 35496K, reserved 1083392K
  class space    used 4516K, capacity 4897K, committed 4912K, reserved 1048576K
Event: 11.635 GC heap after
Heap after GC invocations=11 (full 2):
 PSYoungGen      total 142848K, used 7415K [0x0000000780600000, 0x000000078c000000, 0x00000007c0000000)
  eden space 132096K, 0% used [0x0000000780600000,0x0000000780600000,0x0000000788700000)
  from space 10752K, 68% used [0x0000000788700000,0x0000000788e3df00,0x0000000789180000)
  to   space 10752K, 0% used [0x000000078b580000,0x000000078b580000,0x000000078c000000)
 ParOldGen       total 141312K, used 8135K [0x0000000701200000, 0x0000000709c00000, 0x0000000780600000)
  object space 141312K, 5% used [0x0000000701200000,0x00000007019f1e18,0x0000000709c00000)
 Metaspace       used 33467K, capacity 35430K, committed 35496K, reserved 1083392K
  class space    used 4516K, capacity 4897K, committed 4912K, reserved 1048576K
}
Event: 11.636 GC heap before
{Heap before GC invocations=12 (full 3):
 PSYoungGen      total 142848K, used 7415K [0x0000000780600000, 0x000000078c000000, 0x00000007c0000000)
  eden space 132096K, 0% used [0x0000000780600000,0x0000000780600000,0x0000000788700000)
  from space 10752K, 68% used [0x0000000788700000,0x0000000788e3df00,0x0000000789180000)
  to   space 10752K, 0% used [0x000000078b580000,0x000000078b580000,0x000000078c000000)
 ParOldGen       total 141312K, used 8135K [0x0000000701200000, 0x0000000709c00000, 0x0000000780600000)
  object space 141312K, 5% used [0x0000000701200000,0x00000007019f1e18,0x0000000709c00000)
 Metaspace       used 33467K, capacity 35430K, committed 35496K, reserved 1083392K
  class space    used 4516K, capacity 4897K, committed 4912K, reserved 1048576K
Event: 11.784 GC heap after
Heap after GC invocations=12 (full 3):
 PSYoungGen      total 142848K, used 0K [0x0000000780600000, 0x000000078c000000, 0x00000007c0000000)
  eden space 132096K, 0% used [0x0000000780600000,0x0000000780600000,0x0000000788700000)
  from space 10752K, 0% used [0x0000000788700000,0x0000000788700000,0x0000000789180000)
  to   space 10752K, 0% used [0x000000078b580000,0x000000078b580000,0x000000078c000000)
 ParOldGen       total 141312K, used 12247K [0x0000000701200000, 0x0000000709c00000, 0x0000000780600000)
  object space 141312K, 8% used [0x0000000701200000,0x0000000701df5cd0,0x0000000709c00000)
 Metaspace       used 33467K, capacity 35430K, committed 35496K, reserved 1083392K
  class space    used 4516K, capacity 4897K, committed 4912K, reserved 1048576K
}

